Start testing: Jul 25 20:27 EDT
----------------------------------------------------------
1/1 Testing: engine_test
1/1 Test: engine_test
Command: "/Users/rhys/progs/engine/engine/engine_test"
Directory: /Users/rhys/progs/engine/engine
"engine_test" start time: Jul 25 20:27 EDT
Output:
----------------------------------------------------------
Hello world!
<end of output>
Test time =   0.12 sec
----------------------------------------------------------
Test Passed.
"engine_test" end time: Jul 25 20:27 EDT
"engine_test" time elapsed: 00:00:00
----------------------------------------------------------

End testing: Jul 25 20:27 EDT
